Arguments: 
  /home/laizehai/.nvm/versions/node/v8.16.0/bin/node /usr/share/yarn/bin/yarn.js

PATH: 
  /home/laizehai/.local/bin:/home/laizehai/.nvm/versions/node/v8.16.0/bin:/usr/local/sbin:/usr/local/bin:/usr/sbin:/usr/bin:/sbin:/bin:/usr/games:/usr/local/games:/mnt/c/ProgramData/DockerDesktop/version-bin:/mnt/c/Program Files/Docker/Docker/resources/bin:/mnt/c/Windows/System32:/mnt/c/Windows:/mnt/c/Windows/System32/wbem:/mnt/c/Windows/System32/WindowsPowerShell/v1.0:/mnt/c/Windows/System32/OpenSSH:/mnt/c/Program Files/Git/cmd:/mnt/c/Program Files (x86)/Calibre2:/mnt/c/Program Files/OpenSSH/bin:/mnt/c/Users/laizehai/AppData/Local/Programs/Python/Python37-32/Scripts:/mnt/c/Users/laizehai/AppData/Local/Programs/Python/Python37-32:/mnt/c/Users/laizehai/AppData/Local/Microsoft/WindowsApps:/mnt/c/Users/laizehai/AppData/Local/Programs/Microsoft VS Code/bin:/mnt/c/Users/laizehai/AppData/Local/Programs/Microsoft VS Code Insiders/bin:/snap/bin

Yarn version: 
  1.16.0

Node version: 
  8.16.0

Platform: 
  linux x64

Trace: 
  Error: ENOENT: no such file or directory, lstat '/home/laizehai/.cache/yarn/v4/npm-webpack-merge-4.2.1-5e923cf802ea2ace4fd5af1d3247368a633489b4/node_modules/webpack-merge/lib/join-arrays-smart.js'

npm manifest: 
  {
    "name": "lai-ui",
    "version": "1.0.0",
    "description": "",
    "main": "src/index.js",
    "scripts": {
      "test:unit:debug": "node --inspect-brk ./node_modules/jest/bin/jest.js --no-cache --runInBand",
      "test:unit": "jest --no-cache",
      "test": "jest",
      "dev": "node build/dev.js",
      "clean": "rimraf dist/*",
      "build": "npm run clean && webpack --config build/webpack.prod.conf.js",
      "docs:dev": "vuepress dev docs",
      "docs:build": "vuepress build docs"
    },
    "keywords": [],
    "author": "",
    "license": "ISC",
    "dependencies": {
      "async-validator": "^1.10.1",
      "dayjs": "^1.7.8",
      "markdown-it": "^8.4.2",
      "vue": "^2.5.17",
      "vue-router": "^3.0.1",
      "vue-server-renderer": "^2.5.17",
      "x-load": "^1.3.4"
    },
    "devDependencies": {
      "@babel/core": "^7.4.5",
      "@babel/preset-env": "^7.4.5",
      "@vue/test-utils": "^1.0.0-beta.29",
      "@vuepress/plugin-back-to-top": "^1.0.0-alpha.0",
      "autoprefixer": "^9.4.3",
      "babel-core": "^7.0.0-bridge.0",
      "babel-jest": "^24.8.0",
      "babel-loader": "^8.0.6",
      "chalk": "^2.4.1",
      "css-loader": "^1.0.1",
      "express": "^4.16.4",
      "file-loader": "^2.0.0",
      "friendly-errors-webpack-plugin": "^1.7.0",
      "html-webpack-plugin": "^3.2.0",
      "jest": "^24.8.0",
      "less": "^3.8.1",
      "less-loader": "^4.1.0",
      "mini-css-extract-plugin": "^0.5.0",
      "optimize-css-assets-webpack-plugin": "^5.0.1",
      "ora": "^3.0.0",
      "portfinder": "^1.0.20",
      "postcss-loader": "^3.0.0",
      "rimraf": "^2.6.2",
      "terser-webpack-plugin": "^1.2.0",
      "url-loader": "^1.1.2",
      "vue-jest": "^3.0.4",
      "vue-loader": "^15.4.2",
      "vue-style-loader": "^4.1.2",
      "vue-template-compiler": "^2.5.17",
      "vuepress": "^0.14.10",
      "webpack": "^4.33.0",
      "webpack-cli": "^3.1.2",
      "webpack-dev-middleware": "^3.4.0",
      "webpack-hot-middleware": "^2.24.3"
    }
  }

yarn manifest: 
  No manifest

Lockfile: 
  No lockfile
